<?xml version="1.0" encoding="UTF-8"?>
<!-- Generated by org.testng.reporters.JUnitXMLReporter -->
<testsuite hostname="harshit" ignored="0" name="Default test" tests="4" failures="0" timestamp="27 May 2020 22:22:34 GMT" time="54.546" errors="0">
  <testcase name="login" time="1.522" classname="com.scripts.MavenActiTIME.TestActitime"/>
  <testcase name="createCustomer" time="11.267" classname="com.scripts.MavenActiTIME.TestActitime"/>
  <testcase name="createWork" time="14.176" classname="com.scripts.MavenActiTIME.TestActitime"/>
  <testcase name="createLeave" time="12.538" classname="com.scripts.MavenActiTIME.TestActitime"/>
</testsuite> <!-- Default test -->
